{"name": "test_1", "status": "failed", "statusDetails": {"message": "AssertionError: assert 1 == 2", "trace": "def test_1():\n    \n>       assert 1==2\nE       assert 1 == 2\n\nclass_student\\test_allure.py:6: AssertionError"}, "start": 1668943487613, "stop": 1668943487613, "uuid": "f6d8ce56-865d-46d1-a225-df7811f5f53b", "historyId": "11d7f8abfd5288c691676a0eab6883b3", "testCaseId": "a65e7034ab24a1b22539db029977004b", "fullName": "class_student.test_allure#test_1", "labels": [{"name": "parentSuite", "value": "class_student"}, {"name": "suite", "value": "test_allure"}, {"name": "host", "value": "LAPTOP-GID304T1"}, {"name": "thread", "value": "15524-MainThread"}, {"name": "framework", "value": "pytest"}, {"name": "language", "value": "cpython3"}, {"name": "package", "value": "class_student.test_allure"}]}